<?xml version="1.0" encoding="UTF-8"?>
<testsuite name="com.aor.numbers.ListFiltererTest" tests="1" skipped="0" failures="0" errors="0" timestamp="2021-03-10T12:45:44" hostname="biromiro" time="0.246">
  <properties/>
  <testcase name="filterer()" classname="com.aor.numbers.ListFiltererTest" time="0.246"/>
  <system-out><![CDATA[]]></system-out>
  <system-err><![CDATA[]]></system-err>
</testsuite>
