<?xml version="1.0" encoding="UTF-8"?>
<testsuite name="bar.OrderingStrategies" tests="3" skipped="0" failures="0" errors="0" timestamp="2021-03-24T14:01:44" hostname="biromiro" time="0.002">
  <properties/>
  <testcase name="impatientStrategy()" classname="bar.OrderingStrategies" time="0.0"/>
  <testcase name="smartStrategyStartClosed()" classname="bar.OrderingStrategies" time="0.001"/>
  <testcase name="smartStrategyStartOpened()" classname="bar.OrderingStrategies" time="0.001"/>
  <system-out><![CDATA[]]></system-out>
  <system-err><![CDATA[]]></system-err>
</testsuite>
