<?xml version="1.0" encoding="UTF-8"?>
<testsuite name="stringOperations.StringTransformerTest" tests="3" skipped="0" failures="0" errors="0" timestamp="2021-03-24T14:01:44" hostname="biromiro" time="0.004">
  <properties/>
  <testcase name="stringReplacer()" classname="stringOperations.StringTransformerTest" time="0.001"/>
  <testcase name="stringInverter()" classname="stringOperations.StringTransformerTest" time="0.0"/>
  <testcase name="stringCaseChanger()" classname="stringOperations.StringTransformerTest" time="0.001"/>
  <system-out><![CDATA[]]></system-out>
  <system-err><![CDATA[]]></system-err>
</testsuite>
