<?xml version="1.0" encoding="UTF-8"?>
<testsuite name="bar.AlienOrderingTest" tests="3" skipped="0" failures="0" errors="0" timestamp="2021-03-24T14:01:44" hostname="biromiro" time="0.018">
  <properties/>
  <testcase name="ferengiStartClosed()" classname="bar.AlienOrderingTest" time="0.015"/>
  <testcase name="ferengiAlreadyOpened()" classname="bar.AlienOrderingTest" time="0.0"/>
  <testcase name="romulan()" classname="bar.AlienOrderingTest" time="0.001"/>
  <system-out><![CDATA[]]></system-out>
  <system-err><![CDATA[]]></system-err>
</testsuite>
