<?xml version="1.0" encoding="UTF-8"?>
<testsuite name="bar.OrderingStrategies" tests="1" skipped="0" failures="0" errors="0" timestamp="2021-03-24T13:39:13" hostname="biromiro" time="0.009">
  <properties/>
  <testcase name="smartStrategyStartOpened()" classname="bar.OrderingStrategies" time="0.009"/>
  <system-out><![CDATA[]]></system-out>
  <system-err><![CDATA[]]></system-err>
</testsuite>
