<?xml version="1.0" encoding="UTF-8"?>
<testsuite name="bar.StringBarTest" tests="2" skipped="0" failures="0" errors="0" timestamp="2021-03-24T14:01:44" hostname="biromiro" time="0.002">
  <properties/>
  <testcase name="happyHour()" classname="bar.StringBarTest" time="0.001"/>
  <testcase name="orderStringRecipe()" classname="bar.StringBarTest" time="0.0"/>
  <system-out><![CDATA[]]></system-out>
  <system-err><![CDATA[]]></system-err>
</testsuite>
