<?xml version="1.0" encoding="UTF-8"?>
<testsuite name="bar.BarClientTest" tests="2" skipped="0" failures="0" errors="0" timestamp="2021-03-24T14:01:44" hostname="biromiro" time="0.307">
  <properties/>
  <testcase name="removeObserver()" classname="bar.BarClientTest" time="0.303"/>
  <testcase name="addObserver()" classname="bar.BarClientTest" time="0.003"/>
  <system-out><![CDATA[]]></system-out>
  <system-err><![CDATA[]]></system-err>
</testsuite>
