<?xml version="1.0" encoding="UTF-8"?>
<testsuite name="stringOperations.StringRecipeTest" tests="1" skipped="0" failures="0" errors="0" timestamp="2021-03-24T14:01:44" hostname="biromiro" time="0.001">
  <properties/>
  <testcase name="stringRecipe()" classname="stringOperations.StringRecipeTest" time="0.001"/>
  <system-out><![CDATA[]]></system-out>
  <system-err><![CDATA[]]></system-err>
</testsuite>
